[2019-04-29 16:19:30] local.ERROR: Too few arguments to function Illuminate\Routing\PendingResourceRegistration::name(), 1 passed in /home/khurshid/Desktop/Laravel-5.8-Crud-Tutorial/routes/web.php on line 24 and exactly 2 expected {"exception":"[object] (Symfony\\Component\\Debug\\Exception\\FatalThrowableError(code: 0): Too few arguments to function Illuminate\\Routing\\PendingResourceRegistration::name(), 1 passed in /home/khurshid/Desktop/Laravel-5.8-Crud-Tutorial/routes/web.php on line 24 and exactly 2 expected at /home/khurshid/Desktop/Laravel-5.8-Crud-Tutorial/vendor/laravel/framework/src/Illuminate/Routing/PendingResourceRegistration.php:109)
[stacktrace]
#0 /home/khurshid/Desktop/Laravel-5.8-Crud-Tutorial/routes/web.php(24): Illuminate\\Routing\\PendingResourceRegistration->name('menu')
#1 /home/khurshid/Desktop/Laravel-5.8-Crud-Tutorial/vendor/laravel/framework/src/Illuminate/Routing/RouteFileRegistrar.php(35): require('/home/khurshid/...')
#2 /home/khurshid/Desktop/Laravel-5.8-Crud-Tutorial/vendor/laravel/framework/src/Illuminate/Routing/Router.php(415): Illuminate\\Routing\\RouteFileRegistrar->register('/home/khurshid/...')
#3 /home/khurshid/Desktop/Laravel-5.8-Crud-Tutorial/vendor/laravel/framework/src/Illuminate/Routing/Router.php(373): Illuminate\\Routing\\Router->loadRoutes('/home/khurshid/...')
#4 /home/khurshid/Desktop/Laravel-5.8-Crud-Tutorial/vendor/laravel/framework/src/Illuminate/Routing/RouteRegistrar.php(121): Illuminate\\Routing\\Router->group(Array, '/home/khurshid/...')
#5 /home/khurshid/Desktop/Laravel-5.8-Crud-Tutorial/app/Providers/RouteServiceProvider.php(56): Illuminate\\Routing\\RouteRegistrar->group('/home/khurshid/...')
#6 /home/khurshid/Desktop/Laravel-5.8-Crud-Tutorial/app/Providers/RouteServiceProvider.php(40): App\\Providers\\RouteServiceProvider->mapWebRoutes()
#7 [internal function]: App\\Providers\\RouteServiceProvider->map()
#8 /home/khurshid/Desktop/Laravel-5.8-Crud-Tutorial/vendor/laravel/framework/src/Illuminate/Container/BoundMethod.php(32): call_user_func_array(Array, Array)
#9 /home/khurshid/Desktop/Laravel-5.8-Crud-Tutorial/vendor/laravel/framework/src/Illuminate/Container/BoundMethod.php(90): Illuminate\\Container\\BoundMethod::Illuminate\\Container\\{closure}()
#10 /home/khurshid/Desktop/Laravel-5.8-Crud-Tutorial/vendor/laravel/framework/src/Illuminate/Container/BoundMethod.php(34): Illuminate\\Container\\BoundMethod::callBoundMethod(Object(Illuminate\\Foundation\\Application), Array, Object(Closure))
#11 /home/khurshid/Desktop/Laravel-5.8-Crud-Tutorial/vendor/laravel/framework/src/Illuminate/Container/Container.php(580): Illuminate\\Container\\BoundMethod::call(Object(Illuminate\\Foundation\\Application), Array, Array, NULL)
#12 /home/khurshid/Desktop/Laravel-5.8-Crud-Tutorial/vendor/laravel/framework/src/Illuminate/Foundation/Support/Providers/RouteServiceProvider.php(87): Illuminate\\Container\\Container->call(Array)
#13 /home/khurshid/Desktop/Laravel-5.8-Crud-Tutorial/vendor/laravel/framework/src/Illuminate/Foundation/Support/Providers/RouteServiceProvider.php(36): Illuminate\\Foundation\\Support\\Providers\\RouteServiceProvider->loadRoutes()
#14 /home/khurshid/Desktop/Laravel-5.8-Crud-Tutorial/app/Providers/RouteServiceProvider.php(28): Illuminate\\Foundation\\Support\\Providers\\RouteServiceProvider->boot()
#15 [internal function]: App\\Providers\\RouteServiceProvider->boot()
#16 /home/khurshid/Desktop/Laravel-5.8-Crud-Tutorial/vendor/laravel/framework/src/Illuminate/Container/BoundMethod.php(32): call_user_func_array(Array, Array)
#17 /home/khurshid/Desktop/Laravel-5.8-Crud-Tutorial/vendor/laravel/framework/src/Illuminate/Container/BoundMethod.php(90): Illuminate\\Container\\BoundMethod::Illuminate\\Container\\{closure}()
#18 /home/khurshid/Desktop/Laravel-5.8-Crud-Tutorial/vendor/laravel/framework/src/Illuminate/Container/BoundMethod.php(34): Illuminate\\Container\\BoundMethod::callBoundMethod(Object(Illuminate\\Foundation\\Application), Array, Object(Closure))
#19 /home/khurshid/Desktop/Laravel-5.8-Crud-Tutorial/vendor/laravel/framework/src/Illuminate/Container/Container.php(580): Illuminate\\Container\\BoundMethod::call(Object(Illuminate\\Foundation\\Application), Array, Array, NULL)
#20 /home/khurshid/Desktop/Laravel-5.8-Crud-Tutorial/vendor/laravel/framework/src/Illuminate/Foundation/Application.php(817): Illuminate\\Container\\Container->call(Array)
#21 /home/khurshid/Desktop/Laravel-5.8-Crud-Tutorial/vendor/laravel/framework/src/Illuminate/Foundation/Application.php(800): Illuminate\\Foundation\\Application->bootProvider(Object(App\\Providers\\RouteServiceProvider))
#22 [internal function]: Illuminate\\Foundation\\Application->Illuminate\\Foundation\\{closure}(Object(App\\Providers\\RouteServiceProvider), 20)
#23 /home/khurshid/Desktop/Laravel-5.8-Crud-Tutorial/vendor/laravel/framework/src/Illuminate/Foundation/Application.php(801): array_walk(Array, Object(Closure))
#24 /home/khurshid/Desktop/Laravel-5.8-Crud-Tutorial/vendor/laravel/framework/src/Illuminate/Foundation/Bootstrap/BootProviders.php(17): Illuminate\\Foundation\\Application->boot()
#25 /home/khurshid/Desktop/Laravel-5.8-Crud-Tutorial/vendor/laravel/framework/src/Illuminate/Foundation/Application.php(210): Illuminate\\Foundation\\Bootstrap\\BootProviders->bootstrap(Object(Illuminate\\Foundation\\Application))
#26 /home/khurshid/Desktop/Laravel-5.8-Crud-Tutorial/vendor/laravel/framework/src/Illuminate/Foundation/Http/Kernel.php(162): Illuminate\\Foundation\\Application->bootstrapWith(Array)
#27 /home/khurshid/Desktop/Laravel-5.8-Crud-Tutorial/vendor/laravel/framework/src/Illuminate/Foundation/Http/Kernel.php(146): Illuminate\\Foundation\\Http\\Kernel->bootstrap()
#28 /home/khurshid/Desktop/Laravel-5.8-Crud-Tutorial/vendor/laravel/framework/src/Illuminate/Foundation/Http/Kernel.php(116): Illuminate\\Foundation\\Http\\Kernel->sendRequestThroughRouter(Object(Illuminate\\Http\\Request))
#29 /home/khurshid/Desktop/Laravel-5.8-Crud-Tutorial/public/index.php(55): Illuminate\\Foundation\\Http\\Kernel->handle(Object(Illuminate\\Http\\Request))
#30 /home/khurshid/Desktop/Laravel-5.8-Crud-Tutorial/server.php(21): require_once('/home/khurshid/...')
#31 {main}
"} 
[2019-04-29 16:19:30] local.ERROR: Too few arguments to function Illuminate\Routing\PendingResourceRegistration::name(), 1 passed in /home/khurshid/Desktop/Laravel-5.8-Crud-Tutorial/routes/web.php on line 24 and exactly 2 expected {"exception":"[object] (Symfony\\Component\\Debug\\Exception\\FatalThrowableError(code: 0): Too few arguments to function Illuminate\\Routing\\PendingResourceRegistration::name(), 1 passed in /home/khurshid/Desktop/Laravel-5.8-Crud-Tutorial/routes/web.php on line 24 and exactly 2 expected at /home/khurshid/Desktop/Laravel-5.8-Crud-Tutorial/vendor/laravel/framework/src/Illuminate/Routing/PendingResourceRegistration.php:109)
[stacktrace]
#0 /home/khurshid/Desktop/Laravel-5.8-Crud-Tutorial/routes/web.php(24): Illuminate\\Routing\\PendingResourceRegistration->name('menu')
#1 /home/khurshid/Desktop/Laravel-5.8-Crud-Tutorial/vendor/laravel/framework/src/Illuminate/Routing/RouteFileRegistrar.php(35): require('/home/khurshid/...')
#2 /home/khurshid/Desktop/Laravel-5.8-Crud-Tutorial/vendor/laravel/framework/src/Illuminate/Routing/Router.php(415): Illuminate\\Routing\\RouteFileRegistrar->register('/home/khurshid/...')
#3 /home/khurshid/Desktop/Laravel-5.8-Crud-Tutorial/vendor/laravel/framework/src/Illuminate/Routing/Router.php(373): Illuminate\\Routing\\Router->loadRoutes('/home/khurshid/...')
#4 /home/khurshid/Desktop/Laravel-5.8-Crud-Tutorial/vendor/laravel/framework/src/Illuminate/Routing/RouteRegistrar.php(121): Illuminate\\Routing\\Router->group(Array, '/home/khurshid/...')
#5 /home/khurshid/Desktop/Laravel-5.8-Crud-Tutorial/app/Providers/RouteServiceProvider.php(56): Illuminate\\Routing\\RouteRegistrar->group('/home/khurshid/...')
#6 /home/khurshid/Desktop/Laravel-5.8-Crud-Tutorial/app/Providers/RouteServiceProvider.php(40): App\\Providers\\RouteServiceProvider->mapWebRoutes()
#7 [internal function]: App\\Providers\\RouteServiceProvider->map()
#8 /home/khurshid/Desktop/Laravel-5.8-Crud-Tutorial/vendor/laravel/framework/src/Illuminate/Container/BoundMethod.php(32): call_user_func_array(Array, Array)
#9 /home/khurshid/Desktop/Laravel-5.8-Crud-Tutorial/vendor/laravel/framework/src/Illuminate/Container/BoundMethod.php(90): Illuminate\\Container\\BoundMethod::Illuminate\\Container\\{closure}()
#10 /home/khurshid/Desktop/Laravel-5.8-Crud-Tutorial/vendor/laravel/framework/src/Illuminate/Container/BoundMethod.php(34): Illuminate\\Container\\BoundMethod::callBoundMethod(Object(Illuminate\\Foundation\\Application), Array, Object(Closure))
#11 /home/khurshid/Desktop/Laravel-5.8-Crud-Tutorial/vendor/laravel/framework/src/Illuminate/Container/Container.php(580): Illuminate\\Container\\BoundMethod::call(Object(Illuminate\\Foundation\\Application), Array, Array, NULL)
#12 /home/khurshid/Desktop/Laravel-5.8-Crud-Tutorial/vendor/laravel/framework/src/Illuminate/Foundation/Support/Providers/RouteServiceProvider.php(87): Illuminate\\Container\\Container->call(Array)
#13 /home/khurshid/Desktop/Laravel-5.8-Crud-Tutorial/vendor/laravel/framework/src/Illuminate/Foundation/Support/Providers/RouteServiceProvider.php(36): Illuminate\\Foundation\\Support\\Providers\\RouteServiceProvider->loadRoutes()
#14 /home/khurshid/Desktop/Laravel-5.8-Crud-Tutorial/app/Providers/RouteServiceProvider.php(28): Illuminate\\Foundation\\Support\\Providers\\RouteServiceProvider->boot()
#15 [internal function]: App\\Providers\\RouteServiceProvider->boot()
#16 /home/khurshid/Desktop/Laravel-5.8-Crud-Tutorial/vendor/laravel/framework/src/Illuminate/Container/BoundMethod.php(32): call_user_func_array(Array, Array)
#17 /home/khurshid/Desktop/Laravel-5.8-Crud-Tutorial/vendor/laravel/framework/src/Illuminate/Container/BoundMethod.php(90): Illuminate\\Container\\BoundMethod::Illuminate\\Container\\{closure}()
#18 /home/khurshid/Desktop/Laravel-5.8-Crud-Tutorial/vendor/laravel/framework/src/Illuminate/Container/BoundMethod.php(34): Illuminate\\Container\\BoundMethod::callBoundMethod(Object(Illuminate\\Foundation\\Application), Array, Object(Closure))
#19 /home/khurshid/Desktop/Laravel-5.8-Crud-Tutorial/vendor/laravel/framework/src/Illuminate/Container/Container.php(580): Illuminate\\Container\\BoundMethod::call(Object(Illuminate\\Foundation\\Application), Array, Array, NULL)
#20 /home/khurshid/Desktop/Laravel-5.8-Crud-Tutorial/vendor/laravel/framework/src/Illuminate/Foundation/Application.php(817): Illuminate\\Container\\Container->call(Array)
#21 /home/khurshid/Desktop/Laravel-5.8-Crud-Tutorial/vendor/laravel/framework/src/Illuminate/Foundation/Application.php(800): Illuminate\\Foundation\\Application->bootProvider(Object(App\\Providers\\RouteServiceProvider))
#22 [internal function]: Illuminate\\Foundation\\Application->Illuminate\\Foundation\\{closure}(Object(App\\Providers\\RouteServiceProvider), 20)
#23 /home/khurshid/Desktop/Laravel-5.8-Crud-Tutorial/vendor/laravel/framework/src/Illuminate/Foundation/Application.php(801): array_walk(Array, Object(Closure))
#24 /home/khurshid/Desktop/Laravel-5.8-Crud-Tutorial/vendor/laravel/framework/src/Illuminate/Foundation/Bootstrap/BootProviders.php(17): Illuminate\\Foundation\\Application->boot()
#25 /home/khurshid/Desktop/Laravel-5.8-Crud-Tutorial/vendor/laravel/framework/src/Illuminate/Foundation/Application.php(210): Illuminate\\Foundation\\Bootstrap\\BootProviders->bootstrap(Object(Illuminate\\Foundation\\Application))
#26 /home/khurshid/Desktop/Laravel-5.8-Crud-Tutorial/vendor/laravel/framework/src/Illuminate/Foundation/Http/Kernel.php(162): Illuminate\\Foundation\\Application->bootstrapWith(Array)
#27 /home/khurshid/Desktop/Laravel-5.8-Crud-Tutorial/vendor/laravel/framework/src/Illuminate/Foundation/Http/Kernel.php(146): Illuminate\\Foundation\\Http\\Kernel->bootstrap()
#28 /home/khurshid/Desktop/Laravel-5.8-Crud-Tutorial/vendor/laravel/framework/src/Illuminate/Foundation/Http/Kernel.php(116): Illuminate\\Foundation\\Http\\Kernel->sendRequestThroughRouter(Object(Illuminate\\Http\\Request))
#29 /home/khurshid/Desktop/Laravel-5.8-Crud-Tutorial/public/index.php(55): Illuminate\\Foundation\\Http\\Kernel->handle(Object(Illuminate\\Http\\Request))
#30 /home/khurshid/Desktop/Laravel-5.8-Crud-Tutorial/server.php(21): require_once('/home/khurshid/...')
#31 {main}
"} 
[2019-04-29 16:20:13] local.ERROR: Too few arguments to function Illuminate\Routing\PendingResourceRegistration::name(), 1 passed in /home/khurshid/Desktop/Laravel-5.8-Crud-Tutorial/routes/web.php on line 24 and exactly 2 expected {"exception":"[object] (Symfony\\Component\\Debug\\Exception\\FatalThrowableError(code: 0): Too few arguments to function Illuminate\\Routing\\PendingResourceRegistration::name(), 1 passed in /home/khurshid/Desktop/Laravel-5.8-Crud-Tutorial/routes/web.php on line 24 and exactly 2 expected at /home/khurshid/Desktop/Laravel-5.8-Crud-Tutorial/vendor/laravel/framework/src/Illuminate/Routing/PendingResourceRegistration.php:109)
[stacktrace]
#0 /home/khurshid/Desktop/Laravel-5.8-Crud-Tutorial/routes/web.php(24): Illuminate\\Routing\\PendingResourceRegistration->name('menuaa')
#1 /home/khurshid/Desktop/Laravel-5.8-Crud-Tutorial/vendor/laravel/framework/src/Illuminate/Routing/RouteFileRegistrar.php(35): require('/home/khurshid/...')
#2 /home/khurshid/Desktop/Laravel-5.8-Crud-Tutorial/vendor/laravel/framework/src/Illuminate/Routing/Router.php(415): Illuminate\\Routing\\RouteFileRegistrar->register('/home/khurshid/...')
#3 /home/khurshid/Desktop/Laravel-5.8-Crud-Tutorial/vendor/laravel/framework/src/Illuminate/Routing/Router.php(373): Illuminate\\Routing\\Router->loadRoutes('/home/khurshid/...')
#4 /home/khurshid/Desktop/Laravel-5.8-Crud-Tutorial/vendor/laravel/framework/src/Illuminate/Routing/RouteRegistrar.php(121): Illuminate\\Routing\\Router->group(Array, '/home/khurshid/...')
#5 /home/khurshid/Desktop/Laravel-5.8-Crud-Tutorial/app/Providers/RouteServiceProvider.php(56): Illuminate\\Routing\\RouteRegistrar->group('/home/khurshid/...')
#6 /home/khurshid/Desktop/Laravel-5.8-Crud-Tutorial/app/Providers/RouteServiceProvider.php(40): App\\Providers\\RouteServiceProvider->mapWebRoutes()
#7 [internal function]: App\\Providers\\RouteServiceProvider->map()
#8 /home/khurshid/Desktop/Laravel-5.8-Crud-Tutorial/vendor/laravel/framework/src/Illuminate/Container/BoundMethod.php(32): call_user_func_array(Array, Array)
#9 /home/khurshid/Desktop/Laravel-5.8-Crud-Tutorial/vendor/laravel/framework/src/Illuminate/Container/BoundMethod.php(90): Illuminate\\Container\\BoundMethod::Illuminate\\Container\\{closure}()
#10 /home/khurshid/Desktop/Laravel-5.8-Crud-Tutorial/vendor/laravel/framework/src/Illuminate/Container/BoundMethod.php(34): Illuminate\\Container\\BoundMethod::callBoundMethod(Object(Illuminate\\Foundation\\Application), Array, Object(Closure))
#11 /home/khurshid/Desktop/Laravel-5.8-Crud-Tutorial/vendor/laravel/framework/src/Illuminate/Container/Container.php(580): Illuminate\\Container\\BoundMethod::call(Object(Illuminate\\Foundation\\Application), Array, Array, NULL)
#12 /home/khurshid/Desktop/Laravel-5.8-Crud-Tutorial/vendor/laravel/framework/src/Illuminate/Foundation/Support/Providers/RouteServiceProvider.php(87): Illuminate\\Container\\Container->call(Array)
#13 /home/khurshid/Desktop/Laravel-5.8-Crud-Tutorial/vendor/laravel/framework/src/Illuminate/Foundation/Support/Providers/RouteServiceProvider.php(36): Illuminate\\Foundation\\Support\\Providers\\RouteServiceProvider->loadRoutes()
#14 /home/khurshid/Desktop/Laravel-5.8-Crud-Tutorial/app/Providers/RouteServiceProvider.php(28): Illuminate\\Foundation\\Support\\Providers\\RouteServiceProvider->boot()
#15 [internal function]: App\\Providers\\RouteServiceProvider->boot()
#16 /home/khurshid/Desktop/Laravel-5.8-Crud-Tutorial/vendor/laravel/framework/src/Illuminate/Container/BoundMethod.php(32): call_user_func_array(Array, Array)
#17 /home/khurshid/Desktop/Laravel-5.8-Crud-Tutorial/vendor/laravel/framework/src/Illuminate/Container/BoundMethod.php(90): Illuminate\\Container\\BoundMethod::Illuminate\\Container\\{closure}()
#18 /home/khurshid/Desktop/Laravel-5.8-Crud-Tutorial/vendor/laravel/framework/src/Illuminate/Container/BoundMethod.php(34): Illuminate\\Container\\BoundMethod::callBoundMethod(Object(Illuminate\\Foundation\\Application), Array, Object(Closure))
#19 /home/khurshid/Desktop/Laravel-5.8-Crud-Tutorial/vendor/laravel/framework/src/Illuminate/Container/Container.php(580): Illuminate\\Container\\BoundMethod::call(Object(Illuminate\\Foundation\\Application), Array, Array, NULL)
#20 /home/khurshid/Desktop/Laravel-5.8-Crud-Tutorial/vendor/laravel/framework/src/Illuminate/Foundation/Application.php(817): Illuminate\\Container\\Container->call(Array)
#21 /home/khurshid/Desktop/Laravel-5.8-Crud-Tutorial/vendor/laravel/framework/src/Illuminate/Foundation/Application.php(800): Illuminate\\Foundation\\Application->bootProvider(Object(App\\Providers\\RouteServiceProvider))
#22 [internal function]: Illuminate\\Foundation\\Application->Illuminate\\Foundation\\{closure}(Object(App\\Providers\\RouteServiceProvider), 20)
#23 /home/khurshid/Desktop/Laravel-5.8-Crud-Tutorial/vendor/laravel/framework/src/Illuminate/Foundation/Application.php(801): array_walk(Array, Object(Closure))
#24 /home/khurshid/Desktop/Laravel-5.8-Crud-Tutorial/vendor/laravel/framework/src/Illuminate/Foundation/Bootstrap/BootProviders.php(17): Illuminate\\Foundation\\Application->boot()
#25 /home/khurshid/Desktop/Laravel-5.8-Crud-Tutorial/vendor/laravel/framework/src/Illuminate/Foundation/Application.php(210): Illuminate\\Foundation\\Bootstrap\\BootProviders->bootstrap(Object(Illuminate\\Foundation\\Application))
#26 /home/khurshid/Desktop/Laravel-5.8-Crud-Tutorial/vendor/laravel/framework/src/Illuminate/Foundation/Http/Kernel.php(162): Illuminate\\Foundation\\Application->bootstrapWith(Array)
#27 /home/khurshid/Desktop/Laravel-5.8-Crud-Tutorial/vendor/laravel/framework/src/Illuminate/Foundation/Http/Kernel.php(146): Illuminate\\Foundation\\Http\\Kernel->bootstrap()
#28 /home/khurshid/Desktop/Laravel-5.8-Crud-Tutorial/vendor/laravel/framework/src/Illuminate/Foundation/Http/Kernel.php(116): Illuminate\\Foundation\\Http\\Kernel->sendRequestThroughRouter(Object(Illuminate\\Http\\Request))
#29 /home/khurshid/Desktop/Laravel-5.8-Crud-Tutorial/public/index.php(55): Illuminate\\Foundation\\Http\\Kernel->handle(Object(Illuminate\\Http\\Request))
#30 /home/khurshid/Desktop/Laravel-5.8-Crud-Tutorial/server.php(21): require_once('/home/khurshid/...')
#31 {main}
"} 
[2019-04-29 16:20:14] local.ERROR: Too few arguments to function Illuminate\Routing\PendingResourceRegistration::name(), 1 passed in /home/khurshid/Desktop/Laravel-5.8-Crud-Tutorial/routes/web.php on line 24 and exactly 2 expected {"exception":"[object] (Symfony\\Component\\Debug\\Exception\\FatalThrowableError(code: 0): Too few arguments to function Illuminate\\Routing\\PendingResourceRegistration::name(), 1 passed in /home/khurshid/Desktop/Laravel-5.8-Crud-Tutorial/routes/web.php on line 24 and exactly 2 expected at /home/khurshid/Desktop/Laravel-5.8-Crud-Tutorial/vendor/laravel/framework/src/Illuminate/Routing/PendingResourceRegistration.php:109)
[stacktrace]
#0 /home/khurshid/Desktop/Laravel-5.8-Crud-Tutorial/routes/web.php(24): Illuminate\\Routing\\PendingResourceRegistration->name('menuaa')
#1 /home/khurshid/Desktop/Laravel-5.8-Crud-Tutorial/vendor/laravel/framework/src/Illuminate/Routing/RouteFileRegistrar.php(35): require('/home/khurshid/...')
#2 /home/khurshid/Desktop/Laravel-5.8-Crud-Tutorial/vendor/laravel/framework/src/Illuminate/Routing/Router.php(415): Illuminate\\Routing\\RouteFileRegistrar->register('/home/khurshid/...')
#3 /home/khurshid/Desktop/Laravel-5.8-Crud-Tutorial/vendor/laravel/framework/src/Illuminate/Routing/Router.php(373): Illuminate\\Routing\\Router->loadRoutes('/home/khurshid/...')
#4 /home/khurshid/Desktop/Laravel-5.8-Crud-Tutorial/vendor/laravel/framework/src/Illuminate/Routing/RouteRegistrar.php(121): Illuminate\\Routing\\Router->group(Array, '/home/khurshid/...')
#5 /home/khurshid/Desktop/Laravel-5.8-Crud-Tutorial/app/Providers/RouteServiceProvider.php(56): Illuminate\\Routing\\RouteRegistrar->group('/home/khurshid/...')
#6 /home/khurshid/Desktop/Laravel-5.8-Crud-Tutorial/app/Providers/RouteServiceProvider.php(40): App\\Providers\\RouteServiceProvider->mapWebRoutes()
#7 [internal function]: App\\Providers\\RouteServiceProvider->map()
#8 /home/khurshid/Desktop/Laravel-5.8-Crud-Tutorial/vendor/laravel/framework/src/Illuminate/Container/BoundMethod.php(32): call_user_func_array(Array, Array)
#9 /home/khurshid/Desktop/Laravel-5.8-Crud-Tutorial/vendor/laravel/framework/src/Illuminate/Container/BoundMethod.php(90): Illuminate\\Container\\BoundMethod::Illuminate\\Container\\{closure}()
#10 /home/khurshid/Desktop/Laravel-5.8-Crud-Tutorial/vendor/laravel/framework/src/Illuminate/Container/BoundMethod.php(34): Illuminate\\Container\\BoundMethod::callBoundMethod(Object(Illuminate\\Foundation\\Application), Array, Object(Closure))
#11 /home/khurshid/Desktop/Laravel-5.8-Crud-Tutorial/vendor/laravel/framework/src/Illuminate/Container/Container.php(580): Illuminate\\Container\\BoundMethod::call(Object(Illuminate\\Foundation\\Application), Array, Array, NULL)
#12 /home/khurshid/Desktop/Laravel-5.8-Crud-Tutorial/vendor/laravel/framework/src/Illuminate/Foundation/Support/Providers/RouteServiceProvider.php(87): Illuminate\\Container\\Container->call(Array)
#13 /home/khurshid/Desktop/Laravel-5.8-Crud-Tutorial/vendor/laravel/framework/src/Illuminate/Foundation/Support/Providers/RouteServiceProvider.php(36): Illuminate\\Foundation\\Support\\Providers\\RouteServiceProvider->loadRoutes()
#14 /home/khurshid/Desktop/Laravel-5.8-Crud-Tutorial/app/Providers/RouteServiceProvider.php(28): Illuminate\\Foundation\\Support\\Providers\\RouteServiceProvider->boot()
#15 [internal function]: App\\Providers\\RouteServiceProvider->boot()
#16 /home/khurshid/Desktop/Laravel-5.8-Crud-Tutorial/vendor/laravel/framework/src/Illuminate/Container/BoundMethod.php(32): call_user_func_array(Array, Array)
#17 /home/khurshid/Desktop/Laravel-5.8-Crud-Tutorial/vendor/laravel/framework/src/Illuminate/Container/BoundMethod.php(90): Illuminate\\Container\\BoundMethod::Illuminate\\Container\\{closure}()
#18 /home/khurshid/Desktop/Laravel-5.8-Crud-Tutorial/vendor/laravel/framework/src/Illuminate/Container/BoundMethod.php(34): Illuminate\\Container\\BoundMethod::callBoundMethod(Object(Illuminate\\Foundation\\Application), Array, Object(Closure))
#19 /home/khurshid/Desktop/Laravel-5.8-Crud-Tutorial/vendor/laravel/framework/src/Illuminate/Container/Container.php(580): Illuminate\\Container\\BoundMethod::call(Object(Illuminate\\Foundation\\Application), Array, Array, NULL)
#20 /home/khurshid/Desktop/Laravel-5.8-Crud-Tutorial/vendor/laravel/framework/src/Illuminate/Foundation/Application.php(817): Illuminate\\Container\\Container->call(Array)
#21 /home/khurshid/Desktop/Laravel-5.8-Crud-Tutorial/vendor/laravel/framework/src/Illuminate/Foundation/Application.php(800): Illuminate\\Foundation\\Application->bootProvider(Object(App\\Providers\\RouteServiceProvider))
#22 [internal function]: Illuminate\\Foundation\\Application->Illuminate\\Foundation\\{closure}(Object(App\\Providers\\RouteServiceProvider), 20)
#23 /home/khurshid/Desktop/Laravel-5.8-Crud-Tutorial/vendor/laravel/framework/src/Illuminate/Foundation/Application.php(801): array_walk(Array, Object(Closure))
#24 /home/khurshid/Desktop/Laravel-5.8-Crud-Tutorial/vendor/laravel/framework/src/Illuminate/Foundation/Bootstrap/BootProviders.php(17): Illuminate\\Foundation\\Application->boot()
#25 /home/khurshid/Desktop/Laravel-5.8-Crud-Tutorial/vendor/laravel/framework/src/Illuminate/Foundation/Application.php(210): Illuminate\\Foundation\\Bootstrap\\BootProviders->bootstrap(Object(Illuminate\\Foundation\\Application))
#26 /home/khurshid/Desktop/Laravel-5.8-Crud-Tutorial/vendor/laravel/framework/src/Illuminate/Foundation/Http/Kernel.php(162): Illuminate\\Foundation\\Application->bootstrapWith(Array)
#27 /home/khurshid/Desktop/Laravel-5.8-Crud-Tutorial/vendor/laravel/framework/src/Illuminate/Foundation/Http/Kernel.php(146): Illuminate\\Foundation\\Http\\Kernel->bootstrap()
#28 /home/khurshid/Desktop/Laravel-5.8-Crud-Tutorial/vendor/laravel/framework/src/Illuminate/Foundation/Http/Kernel.php(116): Illuminate\\Foundation\\Http\\Kernel->sendRequestThroughRouter(Object(Illuminate\\Http\\Request))
#29 /home/khurshid/Desktop/Laravel-5.8-Crud-Tutorial/public/index.php(55): Illuminate\\Foundation\\Http\\Kernel->handle(Object(Illuminate\\Http\\Request))
#30 /home/khurshid/Desktop/Laravel-5.8-Crud-Tutorial/server.php(21): require_once('/home/khurshid/...')
#31 {main}
"} 
[2019-04-29 17:07:31] local.ERROR: Class App\Http\Controllers\FeaturessController does not exist {"exception":"[object] (ReflectionException(code: -1): Class App\\Http\\Controllers\\FeaturessController does not exist at /home/khurshid/Desktop/Laravel-5.8-Crud-Tutorial/vendor/laravel/framework/src/Illuminate/Container/Container.php:794)
[stacktrace]
#0 /home/khurshid/Desktop/Laravel-5.8-Crud-Tutorial/vendor/laravel/framework/src/Illuminate/Container/Container.php(794): ReflectionClass->__construct('App\\\\Http\\\\Contro...')
#1 /home/khurshid/Desktop/Laravel-5.8-Crud-Tutorial/vendor/laravel/framework/src/Illuminate/Container/Container.php(671): Illuminate\\Container\\Container->build('App\\\\Http\\\\Contro...')
#2 /home/khurshid/Desktop/Laravel-5.8-Crud-Tutorial/vendor/laravel/framework/src/Illuminate/Container/Container.php(619): Illuminate\\Container\\Container->resolve('App\\\\Http\\\\Contro...', Array)
#3 /home/khurshid/Desktop/Laravel-5.8-Crud-Tutorial/vendor/laravel/framework/src/Illuminate/Foundation/Application.php(757): Illuminate\\Container\\Container->make('App\\\\Http\\\\Contro...', Array)
#4 /home/khurshid/Desktop/Laravel-5.8-Crud-Tutorial/vendor/laravel/framework/src/Illuminate/Routing/Route.php(233): Illuminate\\Foundation\\Application->make('App\\\\Http\\\\Contro...')
#5 /home/khurshid/Desktop/Laravel-5.8-Crud-Tutorial/vendor/laravel/framework/src/Illuminate/Routing/Route.php(833): Illuminate\\Routing\\Route->getController()
#6 /home/khurshid/Desktop/Laravel-5.8-Crud-Tutorial/vendor/laravel/framework/src/Illuminate/Routing/Route.php(794): Illuminate\\Routing\\Route->controllerMiddleware()
#7 /home/khurshid/Desktop/Laravel-5.8-Crud-Tutorial/vendor/laravel/framework/src/Illuminate/Routing/Router.php(693): Illuminate\\Routing\\Route->gatherMiddleware()
#8 /home/khurshid/Desktop/Laravel-5.8-Crud-Tutorial/vendor/laravel/framework/src/Illuminate/Routing/Router.php(673): Illuminate\\Routing\\Router->gatherRouteMiddleware(Object(Illuminate\\Routing\\Route))
#9 /home/khurshid/Desktop/Laravel-5.8-Crud-Tutorial/vendor/laravel/framework/src/Illuminate/Routing/Router.php(657): Illuminate\\Routing\\Router->runRouteWithinStack(Object(Illuminate\\Routing\\Route), Object(Illuminate\\Http\\Request))
#10 /home/khurshid/Desktop/Laravel-5.8-Crud-Tutorial/vendor/laravel/framework/src/Illuminate/Routing/Router.php(623): Illuminate\\Routing\\Router->runRoute(Object(Illuminate\\Http\\Request), Object(Illuminate\\Routing\\Route))
#11 /home/khurshid/Desktop/Laravel-5.8-Crud-Tutorial/vendor/laravel/framework/src/Illuminate/Routing/Router.php(612): Illuminate\\Routing\\Router->dispatchToRoute(Object(Illuminate\\Http\\Request))
#12 /home/khurshid/Desktop/Laravel-5.8-Crud-Tutorial/vendor/laravel/framework/src/Illuminate/Foundation/Http/Kernel.php(176): Illuminate\\Routing\\Router->dispatch(Object(Illuminate\\Http\\Request))
#13 /home/khurshid/Desktop/Laravel-5.8-Crud-Tutorial/vendor/laravel/framework/src/Illuminate/Routing/Pipeline.php(30): Illuminate\\Foundation\\Http\\Kernel->Illuminate\\Foundation\\Http\\{closure}(Object(Illuminate\\Http\\Request))
#14 /home/khurshid/Desktop/Laravel-5.8-Crud-Tutorial/vendor/fideloper/proxy/src/TrustProxies.php(57): Illuminate\\Routing\\Pipeline->Illuminate\\Routing\\{closure}(Object(Illuminate\\Http\\Request))
#15 /home/khurshid/Desktop/Laravel-5.8-Crud-Tutorial/vendor/laravel/framework/src/Illuminate/Pipeline/Pipeline.php(163): Fideloper\\Proxy\\TrustProxies->handle(Object(Illuminate\\Http\\Request), Object(Closure))
#16 /home/khurshid/Desktop/Laravel-5.8-Crud-Tutorial/vendor/laravel/framework/src/Illuminate/Routing/Pipeline.php(53): Illuminate\\Pipeline\\Pipeline->Illuminate\\Pipeline\\{closure}(Object(Illuminate\\Http\\Request))
#17 /home/khurshid/Desktop/Laravel-5.8-Crud-Tutorial/vendor/laravel/framework/src/Illuminate/Foundation/Http/Middleware/TransformsRequest.php(21): Illuminate\\Routing\\Pipeline->Illuminate\\Routing\\{closure}(Object(Illuminate\\Http\\Request))
#18 /home/khurshid/Desktop/Laravel-5.8-Crud-Tutorial/vendor/laravel/framework/src/Illuminate/Pipeline/Pipeline.php(163): Illuminate\\Foundation\\Http\\Middleware\\TransformsRequest->handle(Object(Illuminate\\Http\\Request), Object(Closure))
#19 /home/khurshid/Desktop/Laravel-5.8-Crud-Tutorial/vendor/laravel/framework/src/Illuminate/Routing/Pipeline.php(53): Illuminate\\Pipeline\\Pipeline->Illuminate\\Pipeline\\{closure}(Object(Illuminate\\Http\\Request))
#20 /home/khurshid/Desktop/Laravel-5.8-Crud-Tutorial/vendor/laravel/framework/src/Illuminate/Foundation/Http/Middleware/TransformsRequest.php(21): Illuminate\\Routing\\Pipeline->Illuminate\\Routing\\{closure}(Object(Illuminate\\Http\\Request))
#21 /home/khurshid/Desktop/Laravel-5.8-Crud-Tutorial/vendor/laravel/framework/src/Illuminate/Pipeline/Pipeline.php(163): Illuminate\\Foundation\\Http\\Middleware\\TransformsRequest->handle(Object(Illuminate\\Http\\Request), Object(Closure))
#22 /home/khurshid/Desktop/Laravel-5.8-Crud-Tutorial/vendor/laravel/framework/src/Illuminate/Routing/Pipeline.php(53): Illuminate\\Pipeline\\Pipeline->Illuminate\\Pipeline\\{closure}(Object(Illuminate\\Http\\Request))
#23 /home/khurshid/Desktop/Laravel-5.8-Crud-Tutorial/vendor/laravel/framework/src/Illuminate/Foundation/Http/Middleware/ValidatePostSize.php(27): Illuminate\\Routing\\Pipeline->Illuminate\\Routing\\{closure}(Object(Illuminate\\Http\\Request))
#24 /home/khurshid/Desktop/Laravel-5.8-Crud-Tutorial/vendor/laravel/framework/src/Illuminate/Pipeline/Pipeline.php(163): Illuminate\\Foundation\\Http\\Middleware\\ValidatePostSize->handle(Object(Illuminate\\Http\\Request), Object(Closure))
#25 /home/khurshid/Desktop/Laravel-5.8-Crud-Tutorial/vendor/laravel/framework/src/Illuminate/Routing/Pipeline.php(53): Illuminate\\Pipeline\\Pipeline->Illuminate\\Pipeline\\{closure}(Object(Illuminate\\Http\\Request))
#26 /home/khurshid/Desktop/Laravel-5.8-Crud-Tutorial/vendor/laravel/framework/src/Illuminate/Foundation/Http/Middleware/CheckForMaintenanceMode.php(62): Illuminate\\Routing\\Pipeline->Illuminate\\Routing\\{closure}(Object(Illuminate\\Http\\Request))
#27 /home/khurshid/Desktop/Laravel-5.8-Crud-Tutorial/vendor/laravel/framework/src/Illuminate/Pipeline/Pipeline.php(163): Illuminate\\Foundation\\Http\\Middleware\\CheckForMaintenanceMode->handle(Object(Illuminate\\Http\\Request), Object(Closure))
#28 /home/khurshid/Desktop/Laravel-5.8-Crud-Tutorial/vendor/laravel/framework/src/Illuminate/Routing/Pipeline.php(53): Illuminate\\Pipeline\\Pipeline->Illuminate\\Pipeline\\{closure}(Object(Illuminate\\Http\\Request))
#29 /home/khurshid/Desktop/Laravel-5.8-Crud-Tutorial/vendor/laravel/framework/src/Illuminate/Pipeline/Pipeline.php(104): Illuminate\\Routing\\Pipeline->Illuminate\\Routing\\{closure}(Object(Illuminate\\Http\\Request))
#30 /home/khurshid/Desktop/Laravel-5.8-Crud-Tutorial/vendor/laravel/framework/src/Illuminate/Foundation/Http/Kernel.php(151): Illuminate\\Pipeline\\Pipeline->then(Object(Closure))
#31 /home/khurshid/Desktop/Laravel-5.8-Crud-Tutorial/vendor/laravel/framework/src/Illuminate/Foundation/Http/Kernel.php(116): Illuminate\\Foundation\\Http\\Kernel->sendRequestThroughRouter(Object(Illuminate\\Http\\Request))
#32 /home/khurshid/Desktop/Laravel-5.8-Crud-Tutorial/public/index.php(55): Illuminate\\Foundation\\Http\\Kernel->handle(Object(Illuminate\\Http\\Request))
#33 /home/khurshid/Desktop/Laravel-5.8-Crud-Tutorial/server.php(21): require_once('/home/khurshid/...')
#34 {main}
"} 
[2019-04-29 17:07:39] local.ERROR: Class App\Http\Controllers\FeaturessController does not exist {"exception":"[object] (ReflectionException(code: -1): Class App\\Http\\Controllers\\FeaturessController does not exist at /home/khurshid/Desktop/Laravel-5.8-Crud-Tutorial/vendor/laravel/framework/src/Illuminate/Container/Container.php:794)
[stacktrace]
#0 /home/khurshid/Desktop/Laravel-5.8-Crud-Tutorial/vendor/laravel/framework/src/Illuminate/Container/Container.php(794): ReflectionClass->__construct('App\\\\Http\\\\Contro...')
#1 /home/khurshid/Desktop/Laravel-5.8-Crud-Tutorial/vendor/laravel/framework/src/Illuminate/Container/Container.php(671): Illuminate\\Container\\Container->build('App\\\\Http\\\\Contro...')
#2 /home/khurshid/Desktop/Laravel-5.8-Crud-Tutorial/vendor/laravel/framework/src/Illuminate/Container/Container.php(619): Illuminate\\Container\\Container->resolve('App\\\\Http\\\\Contro...', Array)
#3 /home/khurshid/Desktop/Laravel-5.8-Crud-Tutorial/vendor/laravel/framework/src/Illuminate/Foundation/Application.php(757): Illuminate\\Container\\Container->make('App\\\\Http\\\\Contro...', Array)
#4 /home/khurshid/Desktop/Laravel-5.8-Crud-Tutorial/vendor/laravel/framework/src/Illuminate/Routing/Route.php(233): Illuminate\\Foundation\\Application->make('App\\\\Http\\\\Contro...')
#5 /home/khurshid/Desktop/Laravel-5.8-Crud-Tutorial/vendor/laravel/framework/src/Illuminate/Routing/Route.php(833): Illuminate\\Routing\\Route->getController()
#6 /home/khurshid/Desktop/Laravel-5.8-Crud-Tutorial/vendor/laravel/framework/src/Illuminate/Routing/Route.php(794): Illuminate\\Routing\\Route->controllerMiddleware()
#7 /home/khurshid/Desktop/Laravel-5.8-Crud-Tutorial/vendor/laravel/framework/src/Illuminate/Routing/Router.php(693): Illuminate\\Routing\\Route->gatherMiddleware()
#8 /home/khurshid/Desktop/Laravel-5.8-Crud-Tutorial/vendor/laravel/framework/src/Illuminate/Routing/Router.php(673): Illuminate\\Routing\\Router->gatherRouteMiddleware(Object(Illuminate\\Routing\\Route))
#9 /home/khurshid/Desktop/Laravel-5.8-Crud-Tutorial/vendor/laravel/framework/src/Illuminate/Routing/Router.php(657): Illuminate\\Routing\\Router->runRouteWithinStack(Object(Illuminate\\Routing\\Route), Object(Illuminate\\Http\\Request))
#10 /home/khurshid/Desktop/Laravel-5.8-Crud-Tutorial/vendor/laravel/framework/src/Illuminate/Routing/Router.php(623): Illuminate\\Routing\\Router->runRoute(Object(Illuminate\\Http\\Request), Object(Illuminate\\Routing\\Route))
#11 /home/khurshid/Desktop/Laravel-5.8-Crud-Tutorial/vendor/laravel/framework/src/Illuminate/Routing/Router.php(612): Illuminate\\Routing\\Router->dispatchToRoute(Object(Illuminate\\Http\\Request))
#12 /home/khurshid/Desktop/Laravel-5.8-Crud-Tutorial/vendor/laravel/framework/src/Illuminate/Foundation/Http/Kernel.php(176): Illuminate\\Routing\\Router->dispatch(Object(Illuminate\\Http\\Request))
#13 /home/khurshid/Desktop/Laravel-5.8-Crud-Tutorial/vendor/laravel/framework/src/Illuminate/Routing/Pipeline.php(30): Illuminate\\Foundation\\Http\\Kernel->Illuminate\\Foundation\\Http\\{closure}(Object(Illuminate\\Http\\Request))
#14 /home/khurshid/Desktop/Laravel-5.8-Crud-Tutorial/vendor/fideloper/proxy/src/TrustProxies.php(57): Illuminate\\Routing\\Pipeline->Illuminate\\Routing\\{closure}(Object(Illuminate\\Http\\Request))
#15 /home/khurshid/Desktop/Laravel-5.8-Crud-Tutorial/vendor/laravel/framework/src/Illuminate/Pipeline/Pipeline.php(163): Fideloper\\Proxy\\TrustProxies->handle(Object(Illuminate\\Http\\Request), Object(Closure))
#16 /home/khurshid/Desktop/Laravel-5.8-Crud-Tutorial/vendor/laravel/framework/src/Illuminate/Routing/Pipeline.php(53): Illuminate\\Pipeline\\Pipeline->Illuminate\\Pipeline\\{closure}(Object(Illuminate\\Http\\Request))
#17 /home/khurshid/Desktop/Laravel-5.8-Crud-Tutorial/vendor/laravel/framework/src/Illuminate/Foundation/Http/Middleware/TransformsRequest.php(21): Illuminate\\Routing\\Pipeline->Illuminate\\Routing\\{closure}(Object(Illuminate\\Http\\Request))
#18 /home/khurshid/Desktop/Laravel-5.8-Crud-Tutorial/vendor/laravel/framework/src/Illuminate/Pipeline/Pipeline.php(163): Illuminate\\Foundation\\Http\\Middleware\\TransformsRequest->handle(Object(Illuminate\\Http\\Request), Object(Closure))
#19 /home/khurshid/Desktop/Laravel-5.8-Crud-Tutorial/vendor/laravel/framework/src/Illuminate/Routing/Pipeline.php(53): Illuminate\\Pipeline\\Pipeline->Illuminate\\Pipeline\\{closure}(Object(Illuminate\\Http\\Request))
#20 /home/khurshid/Desktop/Laravel-5.8-Crud-Tutorial/vendor/laravel/framework/src/Illuminate/Foundation/Http/Middleware/TransformsRequest.php(21): Illuminate\\Routing\\Pipeline->Illuminate\\Routing\\{closure}(Object(Illuminate\\Http\\Request))
#21 /home/khurshid/Desktop/Laravel-5.8-Crud-Tutorial/vendor/laravel/framework/src/Illuminate/Pipeline/Pipeline.php(163): Illuminate\\Foundation\\Http\\Middleware\\TransformsRequest->handle(Object(Illuminate\\Http\\Request), Object(Closure))
#22 /home/khurshid/Desktop/Laravel-5.8-Crud-Tutorial/vendor/laravel/framework/src/Illuminate/Routing/Pipeline.php(53): Illuminate\\Pipeline\\Pipeline->Illuminate\\Pipeline\\{closure}(Object(Illuminate\\Http\\Request))
#23 /home/khurshid/Desktop/Laravel-5.8-Crud-Tutorial/vendor/laravel/framework/src/Illuminate/Foundation/Http/Middleware/ValidatePostSize.php(27): Illuminate\\Routing\\Pipeline->Illuminate\\Routing\\{closure}(Object(Illuminate\\Http\\Request))
#24 /home/khurshid/Desktop/Laravel-5.8-Crud-Tutorial/vendor/laravel/framework/src/Illuminate/Pipeline/Pipeline.php(163): Illuminate\\Foundation\\Http\\Middleware\\ValidatePostSize->handle(Object(Illuminate\\Http\\Request), Object(Closure))
#25 /home/khurshid/Desktop/Laravel-5.8-Crud-Tutorial/vendor/laravel/framework/src/Illuminate/Routing/Pipeline.php(53): Illuminate\\Pipeline\\Pipeline->Illuminate\\Pipeline\\{closure}(Object(Illuminate\\Http\\Request))
#26 /home/khurshid/Desktop/Laravel-5.8-Crud-Tutorial/vendor/laravel/framework/src/Illuminate/Foundation/Http/Middleware/CheckForMaintenanceMode.php(62): Illuminate\\Routing\\Pipeline->Illuminate\\Routing\\{closure}(Object(Illuminate\\Http\\Request))
#27 /home/khurshid/Desktop/Laravel-5.8-Crud-Tutorial/vendor/laravel/framework/src/Illuminate/Pipeline/Pipeline.php(163): Illuminate\\Foundation\\Http\\Middleware\\CheckForMaintenanceMode->handle(Object(Illuminate\\Http\\Request), Object(Closure))
#28 /home/khurshid/Desktop/Laravel-5.8-Crud-Tutorial/vendor/laravel/framework/src/Illuminate/Routing/Pipeline.php(53): Illuminate\\Pipeline\\Pipeline->Illuminate\\Pipeline\\{closure}(Object(Illuminate\\Http\\Request))
#29 /home/khurshid/Desktop/Laravel-5.8-Crud-Tutorial/vendor/laravel/framework/src/Illuminate/Pipeline/Pipeline.php(104): Illuminate\\Routing\\Pipeline->Illuminate\\Routing\\{closure}(Object(Illuminate\\Http\\Request))
#30 /home/khurshid/Desktop/Laravel-5.8-Crud-Tutorial/vendor/laravel/framework/src/Illuminate/Foundation/Http/Kernel.php(151): Illuminate\\Pipeline\\Pipeline->then(Object(Closure))
#31 /home/khurshid/Desktop/Laravel-5.8-Crud-Tutorial/vendor/laravel/framework/src/Illuminate/Foundation/Http/Kernel.php(116): Illuminate\\Foundation\\Http\\Kernel->sendRequestThroughRouter(Object(Illuminate\\Http\\Request))
#32 /home/khurshid/Desktop/Laravel-5.8-Crud-Tutorial/public/index.php(55): Illuminate\\Foundation\\Http\\Kernel->handle(Object(Illuminate\\Http\\Request))
#33 /home/khurshid/Desktop/Laravel-5.8-Crud-Tutorial/server.php(21): require_once('/home/khurshid/...')
#34 {main}
"} 
[2019-04-29 17:08:10] local.ERROR: Class 'App\Http\Controllers\Crud' not found {"exception":"[object] (Symfony\\Component\\Debug\\Exception\\FatalThrowableError(code: 0): Class 'App\\Http\\Controllers\\Crud' not found at /home/khurshid/Desktop/Laravel-5.8-Crud-Tutorial/app/Http/Controllers/FeaturesController.php:16)
[stacktrace]
#0 [internal function]: App\\Http\\Controllers\\FeaturesController->index()
#1 /home/khurshid/Desktop/Laravel-5.8-Crud-Tutorial/vendor/laravel/framework/src/Illuminate/Routing/Controller.php(54): call_user_func_array(Array, Array)
#2 /home/khurshid/Desktop/Laravel-5.8-Crud-Tutorial/vendor/laravel/framework/src/Illuminate/Routing/ControllerDispatcher.php(45): Illuminate\\Routing\\Controller->callAction('index', Array)
#3 /home/khurshid/Desktop/Laravel-5.8-Crud-Tutorial/vendor/laravel/framework/src/Illuminate/Routing/Route.php(219): Illuminate\\Routing\\ControllerDispatcher->dispatch(Object(Illuminate\\Routing\\Route), Object(App\\Http\\Controllers\\FeaturesController), 'index')
#4 /home/khurshid/Desktop/Laravel-5.8-Crud-Tutorial/vendor/laravel/framework/src/Illuminate/Routing/Route.php(176): Illuminate\\Routing\\Route->runController()
#5 /home/khurshid/Desktop/Laravel-5.8-Crud-Tutorial/vendor/laravel/framework/src/Illuminate/Routing/Router.php(680): Illuminate\\Routing\\Route->run()
#6 /home/khurshid/Desktop/Laravel-5.8-Crud-Tutorial/vendor/laravel/framework/src/Illuminate/Routing/Pipeline.php(30): Illuminate\\Routing\\Router->Illuminate\\Routing\\{closure}(Object(Illuminate\\Http\\Request))
#7 /home/khurshid/Desktop/Laravel-5.8-Crud-Tutorial/vendor/laravel/framework/src/Illuminate/Routing/Middleware/SubstituteBindings.php(41): Illuminate\\Routing\\Pipeline->Illuminate\\Routing\\{closure}(Object(Illuminate\\Http\\Request))
#8 /home/khurshid/Desktop/Laravel-5.8-Crud-Tutorial/vendor/laravel/framework/src/Illuminate/Pipeline/Pipeline.php(163): Illuminate\\Routing\\Middleware\\SubstituteBindings->handle(Object(Illuminate\\Http\\Request), Object(Closure))
#9 /home/khurshid/Desktop/Laravel-5.8-Crud-Tutorial/vendor/laravel/framework/src/Illuminate/Routing/Pipeline.php(53): Illuminate\\Pipeline\\Pipeline->Illuminate\\Pipeline\\{closure}(Object(Illuminate\\Http\\Request))
#10 /home/khurshid/Desktop/Laravel-5.8-Crud-Tutorial/vendor/laravel/framework/src/Illuminate/Foundation/Http/Middleware/VerifyCsrfToken.php(75): Illuminate\\Routing\\Pipeline->Illuminate\\Routing\\{closure}(Object(Illuminate\\Http\\Request))
#11 /home/khurshid/Desktop/Laravel-5.8-Crud-Tutorial/vendor/laravel/framework/src/Illuminate/Pipeline/Pipeline.php(163): Illuminate\\Foundation\\Http\\Middleware\\VerifyCsrfToken->handle(Object(Illuminate\\Http\\Request), Object(Closure))
#12 /home/khurshid/Desktop/Laravel-5.8-Crud-Tutorial/vendor/laravel/framework/src/Illuminate/Routing/Pipeline.php(53): Illuminate\\Pipeline\\Pipeline->Illuminate\\Pipeline\\{closure}(Object(Illuminate\\Http\\Request))
#13 /home/khurshid/Desktop/Laravel-5.8-Crud-Tutorial/vendor/laravel/framework/src/Illuminate/View/Middleware/ShareErrorsFromSession.php(49): Illuminate\\Routing\\Pipeline->Illuminate\\Routing\\{closure}(Object(Illuminate\\Http\\Request))
#14 /home/khurshid/Desktop/Laravel-5.8-Crud-Tutorial/vendor/laravel/framework/src/Illuminate/Pipeline/Pipeline.php(163): Illuminate\\View\\Middleware\\ShareErrorsFromSession->handle(Object(Illuminate\\Http\\Request), Object(Closure))
#15 /home/khurshid/Desktop/Laravel-5.8-Crud-Tutorial/vendor/laravel/framework/src/Illuminate/Routing/Pipeline.php(53): Illuminate\\Pipeline\\Pipeline->Illuminate\\Pipeline\\{closure}(Object(Illuminate\\Http\\Request))
#16 /home/khurshid/Desktop/Laravel-5.8-Crud-Tutorial/vendor/laravel/framework/src/Illuminate/Session/Middleware/StartSession.php(56): Illuminate\\Routing\\Pipeline->Illuminate\\Routing\\{closure}(Object(Illuminate\\Http\\Request))
#17 /home/khurshid/Desktop/Laravel-5.8-Crud-Tutorial/vendor/laravel/framework/src/Illuminate/Pipeline/Pipeline.php(163): Illuminate\\Session\\Middleware\\StartSession->handle(Object(Illuminate\\Http\\Request), Object(Closure))
#18 /home/khurshid/Desktop/Laravel-5.8-Crud-Tutorial/vendor/laravel/framework/src/Illuminate/Routing/Pipeline.php(53): Illuminate\\Pipeline\\Pipeline->Illuminate\\Pipeline\\{closure}(Object(Illuminate\\Http\\Request))
#19 /home/khurshid/Desktop/Laravel-5.8-Crud-Tutorial/vendor/laravel/framework/src/Illuminate/Cookie/Middleware/AddQueuedCookiesToResponse.php(37): Illuminate\\Routing\\Pipeline->Illuminate\\Routing\\{closure}(Object(Illuminate\\Http\\Request))
#20 /home/khurshid/Desktop/Laravel-5.8-Crud-Tutorial/vendor/laravel/framework/src/Illuminate/Pipeline/Pipeline.php(163): Illuminate\\Cookie\\Middleware\\AddQueuedCookiesToResponse->handle(Object(Illuminate\\Http\\Request), Object(Closure))
#21 /home/khurshid/Desktop/Laravel-5.8-Crud-Tutorial/vendor/laravel/framework/src/Illuminate/Routing/Pipeline.php(53): Illuminate\\Pipeline\\Pipeline->Illuminate\\Pipeline\\{closure}(Object(Illuminate\\Http\\Request))
#22 /home/khurshid/Desktop/Laravel-5.8-Crud-Tutorial/vendor/laravel/framework/src/Illuminate/Cookie/Middleware/EncryptCookies.php(66): Illuminate\\Routing\\Pipeline->Illuminate\\Routing\\{closure}(Object(Illuminate\\Http\\Request))
#23 /home/khurshid/Desktop/Laravel-5.8-Crud-Tutorial/vendor/laravel/framework/src/Illuminate/Pipeline/Pipeline.php(163): Illuminate\\Cookie\\Middleware\\EncryptCookies->handle(Object(Illuminate\\Http\\Request), Object(Closure))
#24 /home/khurshid/Desktop/Laravel-5.8-Crud-Tutorial/vendor/laravel/framework/src/Illuminate/Routing/Pipeline.php(53): Illuminate\\Pipeline\\Pipeline->Illuminate\\Pipeline\\{closure}(Object(Illuminate\\Http\\Request))
#25 /home/khurshid/Desktop/Laravel-5.8-Crud-Tutorial/vendor/laravel/framework/src/Illuminate/Pipeline/Pipeline.php(104): Illuminate\\Routing\\Pipeline->Illuminate\\Routing\\{closure}(Object(Illuminate\\Http\\Request))
#26 /home/khurshid/Desktop/Laravel-5.8-Crud-Tutorial/vendor/laravel/framework/src/Illuminate/Routing/Router.php(682): Illuminate\\Pipeline\\Pipeline->then(Object(Closure))
#27 /home/khurshid/Desktop/Laravel-5.8-Crud-Tutorial/vendor/laravel/framework/src/Illuminate/Routing/Router.php(657): Illuminate\\Routing\\Router->runRouteWithinStack(Object(Illuminate\\Routing\\Route), Object(Illuminate\\Http\\Request))
#28 /home/khurshid/Desktop/Laravel-5.8-Crud-Tutorial/vendor/laravel/framework/src/Illuminate/Routing/Router.php(623): Illuminate\\Routing\\Router->runRoute(Object(Illuminate\\Http\\Request), Object(Illuminate\\Routing\\Route))
#29 /home/khurshid/Desktop/Laravel-5.8-Crud-Tutorial/vendor/laravel/framework/src/Illuminate/Routing/Router.php(612): Illuminate\\Routing\\Router->dispatchToRoute(Object(Illuminate\\Http\\Request))
#30 /home/khurshid/Desktop/Laravel-5.8-Crud-Tutorial/vendor/laravel/framework/src/Illuminate/Foundation/Http/Kernel.php(176): Illuminate\\Routing\\Router->dispatch(Object(Illuminate\\Http\\Request))
#31 /home/khurshid/Desktop/Laravel-5.8-Crud-Tutorial/vendor/laravel/framework/src/Illuminate/Routing/Pipeline.php(30): Illuminate\\Foundation\\Http\\Kernel->Illuminate\\Foundation\\Http\\{closure}(Object(Illuminate\\Http\\Request))
#32 /home/khurshid/Desktop/Laravel-5.8-Crud-Tutorial/vendor/fideloper/proxy/src/TrustProxies.php(57): Illuminate\\Routing\\Pipeline->Illuminate\\Routing\\{closure}(Object(Illuminate\\Http\\Request))
#33 /home/khurshid/Desktop/Laravel-5.8-Crud-Tutorial/vendor/laravel/framework/src/Illuminate/Pipeline/Pipeline.php(163): Fideloper\\Proxy\\TrustProxies->handle(Object(Illuminate\\Http\\Request), Object(Closure))
#34 /home/khurshid/Desktop/Laravel-5.8-Crud-Tutorial/vendor/laravel/framework/src/Illuminate/Routing/Pipeline.php(53): Illuminate\\Pipeline\\Pipeline->Illuminate\\Pipeline\\{closure}(Object(Illuminate\\Http\\Request))
#35 /home/khurshid/Desktop/Laravel-5.8-Crud-Tutorial/vendor/laravel/framework/src/Illuminate/Foundation/Http/Middleware/TransformsRequest.php(21): Illuminate\\Routing\\Pipeline->Illuminate\\Routing\\{closure}(Object(Illuminate\\Http\\Request))
#36 /home/khurshid/Desktop/Laravel-5.8-Crud-Tutorial/vendor/laravel/framework/src/Illuminate/Pipeline/Pipeline.php(163): Illuminate\\Foundation\\Http\\Middleware\\TransformsRequest->handle(Object(Illuminate\\Http\\Request), Object(Closure))
#37 /home/khurshid/Desktop/Laravel-5.8-Crud-Tutorial/vendor/laravel/framework/src/Illuminate/Routing/Pipeline.php(53): Illuminate\\Pipeline\\Pipeline->Illuminate\\Pipeline\\{closure}(Object(Illuminate\\Http\\Request))
#38 /home/khurshid/Desktop/Laravel-5.8-Crud-Tutorial/vendor/laravel/framework/src/Illuminate/Foundation/Http/Middleware/TransformsRequest.php(21): Illuminate\\Routing\\Pipeline->Illuminate\\Routing\\{closure}(Object(Illuminate\\Http\\Request))
#39 /home/khurshid/Desktop/Laravel-5.8-Crud-Tutorial/vendor/laravel/framework/src/Illuminate/Pipeline/Pipeline.php(163): Illuminate\\Foundation\\Http\\Middleware\\TransformsRequest->handle(Object(Illuminate\\Http\\Request), Object(Closure))
#40 /home/khurshid/Desktop/Laravel-5.8-Crud-Tutorial/vendor/laravel/framework/src/Illuminate/Routing/Pipeline.php(53): Illuminate\\Pipeline\\Pipeline->Illuminate\\Pipeline\\{closure}(Object(Illuminate\\Http\\Request))
#41 /home/khurshid/Desktop/Laravel-5.8-Crud-Tutorial/vendor/laravel/framework/src/Illuminate/Foundation/Http/Middleware/ValidatePostSize.php(27): Illuminate\\Routing\\Pipeline->Illuminate\\Routing\\{closure}(Object(Illuminate\\Http\\Request))
#42 /home/khurshid/Desktop/Laravel-5.8-Crud-Tutorial/vendor/laravel/framework/src/Illuminate/Pipeline/Pipeline.php(163): Illuminate\\Foundation\\Http\\Middleware\\ValidatePostSize->handle(Object(Illuminate\\Http\\Request), Object(Closure))
#43 /home/khurshid/Desktop/Laravel-5.8-Crud-Tutorial/vendor/laravel/framework/src/Illuminate/Routing/Pipeline.php(53): Illuminate\\Pipeline\\Pipeline->Illuminate\\Pipeline\\{closure}(Object(Illuminate\\Http\\Request))
#44 /home/khurshid/Desktop/Laravel-5.8-Crud-Tutorial/vendor/laravel/framework/src/Illuminate/Foundation/Http/Middleware/CheckForMaintenanceMode.php(62): Illuminate\\Routing\\Pipeline->Illuminate\\Routing\\{closure}(Object(Illuminate\\Http\\Request))
#45 /home/khurshid/Desktop/Laravel-5.8-Crud-Tutorial/vendor/laravel/framework/src/Illuminate/Pipeline/Pipeline.php(163): Illuminate\\Foundation\\Http\\Middleware\\CheckForMaintenanceMode->handle(Object(Illuminate\\Http\\Request), Object(Closure))
#46 /home/khurshid/Desktop/Laravel-5.8-Crud-Tutorial/vendor/laravel/framework/src/Illuminate/Routing/Pipeline.php(53): Illuminate\\Pipeline\\Pipeline->Illuminate\\Pipeline\\{closure}(Object(Illuminate\\Http\\Request))
#47 /home/khurshid/Desktop/Laravel-5.8-Crud-Tutorial/vendor/laravel/framework/src/Illuminate/Pipeline/Pipeline.php(104): Illuminate\\Routing\\Pipeline->Illuminate\\Routing\\{closure}(Object(Illuminate\\Http\\Request))
#48 /home/khurshid/Desktop/Laravel-5.8-Crud-Tutorial/vendor/laravel/framework/src/Illuminate/Foundation/Http/Kernel.php(151): Illuminate\\Pipeline\\Pipeline->then(Object(Closure))
#49 /home/khurshid/Desktop/Laravel-5.8-Crud-Tutorial/vendor/laravel/framework/src/Illuminate/Foundation/Http/Kernel.php(116): Illuminate\\Foundation\\Http\\Kernel->sendRequestThroughRouter(Object(Illuminate\\Http\\Request))
#50 /home/khurshid/Desktop/Laravel-5.8-Crud-Tutorial/public/index.php(55): Illuminate\\Foundation\\Http\\Kernel->handle(Object(Illuminate\\Http\\Request))
#51 /home/khurshid/Desktop/Laravel-5.8-Crud-Tutorial/server.php(21): require_once('/home/khurshid/...')
#52 {main}
"} 
